<?xml version="1.0" encoding="UTF-8"?>
<!-- Generated by org.testng.reporters.JUnitReportReporter -->
<testsuite hostname="RBLAWS41170121" failures="0" tests="1" name="com.TestLauncher.TestTryFailures" time="127.272" errors="0" timestamp="19 Sep 2022 10:01:39 GMT">
  <testcase classname="com.TestLauncher.TestTryFailures" name="runScenario" time="127.272"/>
</testsuite> <!-- com.TestLauncher.TestTryFailures -->
