<?xml version="1.0" encoding="UTF-8"?>
<!-- Generated by org.testng.reporters.JUnitReportReporter -->
<testsuite hostname="AQMIT-LPT-10783" failures="0" tests="1" name="com.TestLauncher.TestRunner" time="24.807" errors="0" timestamp="10 Oct 2022 09:44:09 GMT">
  <testcase classname="com.TestLauncher.TestRunner" name="runScenario" time="24.807"/>
</testsuite> <!-- com.TestLauncher.TestRunner -->
