<?xml version="1.0" encoding="UTF-8"?>
<testsuite xmlns:xsi="http://www.w3.org/2001/XMLSchema-instance" xsi:noNamespaceSchemaLocation="https://maven.apache.org/surefire/maven-surefire-plugin/xsd/surefire-test-report.xsd" name="TestSuite" time="4.674" tests="1" errors="0" skipped="0" failures="1">
  <properties>
    <property name="java.specification.version" value="18"/>
    <property name="sun.cpu.isalist" value="amd64"/>
    <property name="sun.jnu.encoding" value="Cp1252"/>
    <property name="java.class.path" value="D:\RBL_PROJECT\23-08-2022_API\RBLAUTOMATION\target\test-classes;D:\RBL_PROJECT\23-08-2022_API\RBLAUTOMATION\target\classes;D:\maven dependencies\junit\junit\4.12\junit-4.12.jar;D:\maven dependencies\org\hamcrest\hamcrest-core\1.3\hamcrest-core-1.3.jar;D:\maven dependencies\org\seleniumhq\selenium\selenium-java\3.12.0\selenium-java-3.12.0.jar;D:\maven dependencies\org\seleniumhq\selenium\selenium-api\3.12.0\selenium-api-3.12.0.jar;D:\maven dependencies\org\seleniumhq\selenium\selenium-edge-driver\3.12.0\selenium-edge-driver-3.12.0.jar;D:\maven dependencies\org\seleniumhq\selenium\selenium-ie-driver\3.12.0\selenium-ie-driver-3.12.0.jar;D:\maven dependencies\org\seleniumhq\selenium\selenium-opera-driver\3.12.0\selenium-opera-driver-3.12.0.jar;D:\maven dependencies\org\seleniumhq\selenium\selenium-remote-driver\3.12.0\selenium-remote-driver-3.12.0.jar;D:\maven dependencies\org\seleniumhq\selenium\selenium-safari-driver\3.12.0\selenium-safari-driver-3.12.0.jar;D:\maven dependencies\net\bytebuddy\byte-buddy\1.8.3\byte-buddy-1.8.3.jar;D:\maven dependencies\org\apache\commons\commons-exec\1.3\commons-exec-1.3.jar;D:\maven dependencies\commons-codec\commons-codec\1.10\commons-codec-1.10.jar;D:\maven dependencies\commons-logging\commons-logging\1.2\commons-logging-1.2.jar;D:\maven dependencies\com\google\guava\guava\23.6-jre\guava-23.6-jre.jar;D:\maven dependencies\org\checkerframework\checker-compat-qual\2.0.0\checker-compat-qual-2.0.0.jar;D:\maven dependencies\com\google\errorprone\error_prone_annotations\2.1.3\error_prone_annotations-2.1.3.jar;D:\maven dependencies\com\google\j2objc\j2objc-annotations\1.1\j2objc-annotations-1.1.jar;D:\maven dependencies\org\codehaus\mojo\animal-sniffer-annotations\1.14\animal-sniffer-annotations-1.14.jar;D:\maven dependencies\org\apache\httpcomponents\httpcore\4.4.6\httpcore-4.4.6.jar;D:\maven dependencies\com\squareup\okhttp3\okhttp\3.9.1\okhttp-3.9.1.jar;D:\maven dependencies\com\squareup\okio\okio\1.13.0\okio-1.13.0.jar;D:\maven dependencies\org\seleniumhq\selenium\selenium-server\3.12.0\selenium-server-3.12.0.jar;D:\maven dependencies\com\beust\jcommander\1.72\jcommander-1.72.jar;D:\maven dependencies\org\apache\commons\commons-lang3\3.7\commons-lang3-3.7.jar;D:\maven dependencies\org\apache\commons\commons-text\1.1\commons-text-1.1.jar;D:\maven dependencies\commons-net\commons-net\3.6\commons-net-3.6.jar;D:\maven dependencies\org\w3c\css\sac\1.3\sac-1.3.jar;D:\maven dependencies\net\sourceforge\cssparser\cssparser\0.9.24\cssparser-0.9.24.jar;D:\maven dependencies\net\sourceforge\htmlunit\htmlunit\2.29\htmlunit-2.29.jar;D:\maven dependencies\net\sourceforge\htmlunit\htmlunit-core-js\2.28\htmlunit-core-js-2.28.jar;D:\maven dependencies\net\sourceforge\htmlunit\neko-htmlunit\2.28\neko-htmlunit-2.28.jar;D:\maven dependencies\org\apache\httpcomponents\httpmime\4.5.3\httpmime-4.5.3.jar;D:\maven dependencies\net\jcip\jcip-annotations\1.0\jcip-annotations-1.0.jar;D:\maven dependencies\org\seleniumhq\selenium\jetty-repacked\9.4.7.v20171121\jetty-repacked-9.4.7.v20171121.jar;D:\maven dependencies\org\eclipse\jetty\jetty-client\9.4.7.v20170914\jetty-client-9.4.7.v20170914.jar;D:\maven dependencies\org\eclipse\jetty\jetty-http\9.4.8.v20171121\jetty-http-9.4.8.v20171121.jar;D:\maven dependencies\org\eclipse\jetty\jetty-io\9.4.8.v20171121\jetty-io-9.4.8.v20171121.jar;D:\maven dependencies\org\eclipse\jetty\jetty-util\9.4.8.v20171121\jetty-util-9.4.8.v20171121.jar;D:\maven dependencies\org\eclipse\jetty\jetty-xml\9.4.7.v20170914\jetty-xml-9.4.7.v20170914.jar;D:\maven dependencies\org\seleniumhq\selenium\htmlunit-driver\2.29.0\htmlunit-driver-2.29.0.jar;D:\maven dependencies\javax\servlet\javax.servlet-api\3.1.0\javax.servlet-api-3.1.0.jar;D:\maven dependencies\org\eclipse\jetty\websocket\websocket-api\9.4.7.v20170914\websocket-api-9.4.7.v20170914.jar;D:\maven dependencies\org\eclipse\jetty\websocket\websocket-client\9.4.7.v20170914\websocket-client-9.4.7.v20170914.jar;D:\maven dependencies\org\eclipse\jetty\websocket\websocket-common\9.4.7.v20170914\websocket-common-9.4.7.v20170914.jar;D:\maven dependencies\xalan\serializer\2.7.2\serializer-2.7.2.jar;D:\maven dependencies\xalan\xalan\2.7.2\xalan-2.7.2.jar;D:\maven dependencies\xerces\xercesImpl\2.11.0\xercesImpl-2.11.0.jar;D:\maven dependencies\xml-apis\xml-apis\1.4.01\xml-apis-1.4.01.jar;D:\maven dependencies\org\yaml\snakeyaml\1.19\snakeyaml-1.19.jar;D:\maven dependencies\org\seleniumhq\selenium\selenium-firefox-driver\3.12.0\selenium-firefox-driver-3.12.0.jar;D:\maven dependencies\org\seleniumhq\selenium\selenium-chrome-driver\3.12.0\selenium-chrome-driver-3.12.0.jar;D:\maven dependencies\org\seleniumhq\selenium\selenium-support\3.12.0\selenium-support-3.12.0.jar;D:\maven dependencies\org\apache\poi\poi\3.12\poi-3.12.jar;D:\maven dependencies\org\apache\poi\poi-ooxml-schemas\3.12\poi-ooxml-schemas-3.12.jar;D:\maven dependencies\org\apache\xmlbeans\xmlbeans\2.6.0\xmlbeans-2.6.0.jar;D:\maven dependencies\stax\stax-api\1.0.1\stax-api-1.0.1.jar;D:\maven dependencies\net\masterthought\cucumber-reporting\3.8.0\cucumber-reporting-3.8.0.jar;D:\maven dependencies\org\apache\logging\log4j\log4j-api\2.6\log4j-api-2.6.jar;D:\maven dependencies\org\apache\logging\log4j\log4j-core\2.6\log4j-core-2.6.jar;D:\maven dependencies\com\fasterxml\jackson\core\jackson-databind\2.8.5\jackson-databind-2.8.5.jar;D:\maven dependencies\com\fasterxml\jackson\core\jackson-core\2.8.5\jackson-core-2.8.5.jar;D:\maven dependencies\org\apache\velocity\velocity\1.7\velocity-1.7.jar;D:\maven dependencies\commons-collections\commons-collections\3.2.1\commons-collections-3.2.1.jar;D:\maven dependencies\commons-lang\commons-lang\2.4\commons-lang-2.4.jar;D:\maven dependencies\velocity-tools\velocity-tools\1.4\velocity-tools-1.4.jar;D:\maven dependencies\joda-time\joda-time\2.9.6\joda-time-2.9.6.jar;D:\maven dependencies\net\lingala\zip4j\zip4j\1.3.2\zip4j-1.3.2.jar;D:\maven dependencies\org\codehaus\plexus\plexus-utils\3.0.24\plexus-utils-3.0.24.jar;D:\maven dependencies\org\jsoup\jsoup\1.10.1\jsoup-1.10.1.jar;D:\maven dependencies\com\googlecode\owasp-java-html-sanitizer\owasp-java-html-sanitizer\20160924.1\owasp-java-html-sanitizer-20160924.1.jar;D:\maven dependencies\org\apache\httpcomponents\httpclient\4.3.5\httpclient-4.3.5.jar;D:\maven dependencies\org\apache\commons\commons-csv\1.4\commons-csv-1.4.jar;D:\maven dependencies\org\apache\poi\poi-ooxml\3.12\poi-ooxml-3.12.jar;D:\maven dependencies\ch\qos\logback\logback-core\1.2.9\logback-core-1.2.9.jar;D:\maven dependencies\ch\qos\logback\logback-classic\1.2.9\logback-classic-1.2.9.jar;D:\maven dependencies\org\slf4j\slf4j-api\1.7.32\slf4j-api-1.7.32.jar;D:\maven dependencies\io\rest-assured\json-schema-validator\3.3.0\json-schema-validator-3.3.0.jar;D:\maven dependencies\com\github\java-json-tools\json-schema-validator\2.2.10\json-schema-validator-2.2.10.jar;D:\maven dependencies\com\github\java-json-tools\json-schema-core\1.2.10\json-schema-core-1.2.10.jar;D:\maven dependencies\com\github\java-json-tools\jackson-coreutils\1.9\jackson-coreutils-1.9.jar;D:\maven dependencies\javax\mail\mailapi\1.4.3\mailapi-1.4.3.jar;D:\maven dependencies\javax\activation\activation\1.1\activation-1.1.jar;D:\maven dependencies\com\googlecode\libphonenumber\libphonenumber\8.0.0\libphonenumber-8.0.0.jar;D:\maven dependencies\net\sf\jopt-simple\jopt-simple\5.0.3\jopt-simple-5.0.3.jar;D:\maven dependencies\io\cucumber\cucumber-java\4.2.0\cucumber-java-4.2.0.jar;D:\maven dependencies\io\cucumber\cucumber-core\4.2.0\cucumber-core-4.2.0.jar;D:\maven dependencies\io\cucumber\cucumber-html\0.2.7\cucumber-html-0.2.7.jar;D:\maven dependencies\io\cucumber\tag-expressions\1.1.1\tag-expressions-1.1.1.jar;D:\maven dependencies\io\cucumber\cucumber-expressions\6.2.0\cucumber-expressions-6.2.0.jar;D:\maven dependencies\io\cucumber\datatable\1.1.7\datatable-1.1.7.jar;D:\maven dependencies\io\cucumber\datatable-dependencies\1.1.7\datatable-dependencies-1.1.7.jar;D:\maven dependencies\org\testng\testng\6.9.10\testng-6.9.10.jar;D:\maven dependencies\org\beanshell\bsh\2.0b4\bsh-2.0b4.jar;D:\maven dependencies\io\cucumber\cucumber-testng\4.2.0\cucumber-testng-4.2.0.jar;D:\maven dependencies\io\cucumber\cucumber-picocontainer\4.2.0\cucumber-picocontainer-4.2.0.jar;D:\maven dependencies\io\cucumber\gherkin\5.1.0\gherkin-5.1.0.jar;D:\maven dependencies\org\picocontainer\picocontainer\2.15\picocontainer-2.15.jar;D:\maven dependencies\org\aspectj\aspectjweaver\1.8.10\aspectjweaver-1.8.10.jar;D:\maven dependencies\io\rest-assured\rest-assured\3.3.0\rest-assured-3.3.0.jar;D:\maven dependencies\org\codehaus\groovy\groovy\2.4.15\groovy-2.4.15.jar;D:\maven dependencies\org\codehaus\groovy\groovy-xml\2.4.15\groovy-xml-2.4.15.jar;D:\maven dependencies\org\hamcrest\hamcrest-library\1.3\hamcrest-library-1.3.jar;D:\maven dependencies\org\ccil\cowan\tagsoup\tagsoup\1.2.1\tagsoup-1.2.1.jar;D:\maven dependencies\io\rest-assured\xml-path\3.3.0\xml-path-3.3.0.jar;D:\maven dependencies\javax\xml\bind\jaxb-api\2.2.12\jaxb-api-2.2.12.jar;D:\maven dependencies\com\sun\xml\bind\jaxb-osgi\2.2.10\jaxb-osgi-2.2.10.jar;D:\maven dependencies\org\apache\sling\org.apache.sling.javax.activation\0.1.0\org.apache.sling.javax.activation-0.1.0.jar;D:\maven dependencies\com\google\code\gson\gson\2.8.5\gson-2.8.5.jar;D:\maven dependencies\io\rest-assured\json-path\3.3.0\json-path-3.3.0.jar;D:\maven dependencies\org\codehaus\groovy\groovy-json\2.4.15\groovy-json-2.4.15.jar;D:\maven dependencies\io\rest-assured\rest-assured-common\3.3.0\rest-assured-common-3.3.0.jar;D:\maven dependencies\com\jayway\restassured\rest-assured\2.9.0\rest-assured-2.9.0.jar;D:\maven dependencies\com\jayway\restassured\json-path\2.9.0\json-path-2.9.0.jar;D:\maven dependencies\com\jayway\restassured\rest-assured-common\2.9.0\rest-assured-common-2.9.0.jar;D:\maven dependencies\com\jayway\restassured\xml-path\2.9.0\xml-path-2.9.0.jar;D:\maven dependencies\com\jayway\jsonpath\json-path\2.4.0\json-path-2.4.0.jar;D:\maven dependencies\net\minidev\json-smart\2.3\json-smart-2.3.jar;D:\maven dependencies\net\minidev\accessors-smart\1.2\accessors-smart-1.2.jar;D:\maven dependencies\org\ow2\asm\asm\5.0.4\asm-5.0.4.jar;D:\maven dependencies\com\jayway\restassured\json-schema-validator\2.9.0\json-schema-validator-2.9.0.jar;D:\maven dependencies\com\github\fge\json-schema-validator\2.2.6\json-schema-validator-2.2.6.jar;D:\maven dependencies\com\google\inject\guice\3.0\guice-3.0.jar;D:\maven dependencies\javax\inject\javax.inject\1\javax.inject-1.jar;D:\maven dependencies\aopalliance\aopalliance\1.0\aopalliance-1.0.jar;D:\maven dependencies\com\github\fge\jackson-coreutils\1.8\jackson-coreutils-1.8.jar;D:\maven dependencies\com\github\fge\msg-simple\1.1\msg-simple-1.1.jar;D:\maven dependencies\com\github\fge\btf\1.2\btf-1.2.jar;D:\maven dependencies\com\google\code\findbugs\jsr305\2.0.1\jsr305-2.0.1.jar;D:\maven dependencies\com\github\fge\json-schema-core\1.2.5\json-schema-core-1.2.5.jar;D:\maven dependencies\com\github\fge\uri-template\0.9\uri-template-0.9.jar;D:\maven dependencies\org\mozilla\rhino\1.7R4\rhino-1.7R4.jar;D:\maven dependencies\commons-io\commons-io\2.5\commons-io-2.5.jar;D:\maven dependencies\com\googlecode\json-simple\json-simple\1.1.1\json-simple-1.1.1.jar;D:\maven dependencies\io\gravitee\maven\plugins\json-schema-generator-maven-plugin\1.3.0\json-schema-generator-maven-plugin-1.3.0.jar;D:\maven dependencies\org\apache\maven\maven-core\3.3.3\maven-core-3.3.3.jar;D:\maven dependencies\org\apache\maven\maven-model\3.3.3\maven-model-3.3.3.jar;D:\maven dependencies\org\apache\maven\maven-settings\3.3.3\maven-settings-3.3.3.jar;D:\maven dependencies\org\apache\maven\maven-settings-builder\3.3.3\maven-settings-builder-3.3.3.jar;D:\maven dependencies\org\apache\maven\maven-builder-support\3.3.3\maven-builder-support-3.3.3.jar;D:\maven dependencies\org\apache\maven\maven-repository-metadata\3.3.3\maven-repository-metadata-3.3.3.jar;D:\maven dependencies\org\apache\maven\maven-artifact\3.3.3\maven-artifact-3.3.3.jar;D:\maven dependencies\org\apache\maven\maven-model-builder\3.3.3\maven-model-builder-3.3.3.jar;D:\maven dependencies\org\apache\maven\maven-aether-provider\3.3.3\maven-aether-provider-3.3.3.jar;D:\maven dependencies\org\eclipse\aether\aether-spi\1.0.2.v20150114\aether-spi-1.0.2.v20150114.jar;D:\maven dependencies\org\eclipse\aether\aether-impl\1.0.2.v20150114\aether-impl-1.0.2.v20150114.jar;D:\maven dependencies\org\eclipse\aether\aether-api\1.0.2.v20150114\aether-api-1.0.2.v20150114.jar;D:\maven dependencies\org\eclipse\aether\aether-util\1.0.2.v20150114\aether-util-1.0.2.v20150114.jar;D:\maven dependencies\org\eclipse\sisu\org.eclipse.sisu.plexus\0.3.0\org.eclipse.sisu.plexus-0.3.0.jar;D:\maven dependencies\javax\enterprise\cdi-api\1.0\cdi-api-1.0.jar;D:\maven dependencies\javax\annotation\jsr250-api\1.0\jsr250-api-1.0.jar;D:\maven dependencies\org\eclipse\sisu\org.eclipse.sisu.inject\0.3.0\org.eclipse.sisu.inject-0.3.0.jar;D:\maven dependencies\org\sonatype\sisu\sisu-guice\3.2.5\sisu-guice-3.2.5-no_aop.jar;D:\maven dependencies\org\codehaus\plexus\plexus-interpolation\1.21\plexus-interpolation-1.21.jar;D:\maven dependencies\org\codehaus\plexus\plexus-classworlds\2.5.2\plexus-classworlds-2.5.2.jar;D:\maven dependencies\org\codehaus\plexus\plexus-component-annotations\1.5.5\plexus-component-annotations-1.5.5.jar;D:\maven dependencies\org\sonatype\plexus\plexus-sec-dispatcher\1.3\plexus-sec-dispatcher-1.3.jar;D:\maven dependencies\org\sonatype\plexus\plexus-cipher\1.4\plexus-cipher-1.4.jar;D:\maven dependencies\org\apache\maven\maven-plugin-api\3.3.3\maven-plugin-api-3.3.3.jar;D:\maven dependencies\org\apache\maven\plugin-tools\maven-plugin-annotations\3.4\maven-plugin-annotations-3.4.jar;D:\maven dependencies\com\fasterxml\jackson\module\jackson-module-jsonSchema\2.8.4\jackson-module-jsonSchema-2.8.4.jar;D:\maven dependencies\javax\validation\validation-api\1.1.0.Final\validation-api-1.1.0.Final.jar;D:\maven dependencies\com\fasterxml\jackson\core\jackson-annotations\2.8.4\jackson-annotations-2.8.4.jar;D:\maven dependencies\com\aventstack\extentreports-cucumber4-adapter\1.0.7\extentreports-cucumber4-adapter-1.0.7.jar;D:\maven dependencies\com\aventstack\extentreports\4.0.9\extentreports-4.0.9.jar;D:\maven dependencies\org\freemarker\freemarker\2.3.23\freemarker-2.3.23.jar;D:\maven dependencies\org\mongodb\bson\3.3.0\bson-3.3.0.jar;D:\maven dependencies\org\mongodb\mongodb-driver\3.3.0\mongodb-driver-3.3.0.jar;D:\maven dependencies\org\mongodb\mongodb-driver-core\3.3.0\mongodb-driver-core-3.3.0.jar;"/>
    <property name="java.vm.vendor" value="Oracle Corporation"/>
    <property name="sun.arch.data.model" value="64"/>
    <property name="user.variant" value=""/>
    <property name="java.vendor.url" value="https://java.oracle.com/"/>
    <property name="user.timezone" value="Asia/Calcutta"/>
    <property name="os.name" value="Windows 11"/>
    <property name="java.vm.specification.version" value="18"/>
    <property name="sun.java.launcher" value="SUN_STANDARD"/>
    <property name="user.country" value="IN"/>
    <property name="sun.boot.library.path" value="C:\Program Files\Java\jdk-18.0.2.1\bin"/>
    <property name="sun.java.command" value="D:\Users\AQM Temp\AppData\Local\Temp\surefire7337898082442093393\surefirebooter5745897943999647586.jar D:\Users\AQM Temp\AppData\Local\Temp\surefire7337898082442093393 2022-08-30T16-12-14_002-jvmRun1 surefire8043964366666343542tmp surefire_011403808662960774972tmp"/>
    <property name="jdk.debug" value="release"/>
    <property name="surefire.test.class.path" value="D:\RBL_PROJECT\23-08-2022_API\RBLAUTOMATION\target\test-classes;D:\RBL_PROJECT\23-08-2022_API\RBLAUTOMATION\target\classes;D:\maven dependencies\junit\junit\4.12\junit-4.12.jar;D:\maven dependencies\org\hamcrest\hamcrest-core\1.3\hamcrest-core-1.3.jar;D:\maven dependencies\org\seleniumhq\selenium\selenium-java\3.12.0\selenium-java-3.12.0.jar;D:\maven dependencies\org\seleniumhq\selenium\selenium-api\3.12.0\selenium-api-3.12.0.jar;D:\maven dependencies\org\seleniumhq\selenium\selenium-edge-driver\3.12.0\selenium-edge-driver-3.12.0.jar;D:\maven dependencies\org\seleniumhq\selenium\selenium-ie-driver\3.12.0\selenium-ie-driver-3.12.0.jar;D:\maven dependencies\org\seleniumhq\selenium\selenium-opera-driver\3.12.0\selenium-opera-driver-3.12.0.jar;D:\maven dependencies\org\seleniumhq\selenium\selenium-remote-driver\3.12.0\selenium-remote-driver-3.12.0.jar;D:\maven dependencies\org\seleniumhq\selenium\selenium-safari-driver\3.12.0\selenium-safari-driver-3.12.0.jar;D:\maven dependencies\net\bytebuddy\byte-buddy\1.8.3\byte-buddy-1.8.3.jar;D:\maven dependencies\org\apache\commons\commons-exec\1.3\commons-exec-1.3.jar;D:\maven dependencies\commons-codec\commons-codec\1.10\commons-codec-1.10.jar;D:\maven dependencies\commons-logging\commons-logging\1.2\commons-logging-1.2.jar;D:\maven dependencies\com\google\guava\guava\23.6-jre\guava-23.6-jre.jar;D:\maven dependencies\org\checkerframework\checker-compat-qual\2.0.0\checker-compat-qual-2.0.0.jar;D:\maven dependencies\com\google\errorprone\error_prone_annotations\2.1.3\error_prone_annotations-2.1.3.jar;D:\maven dependencies\com\google\j2objc\j2objc-annotations\1.1\j2objc-annotations-1.1.jar;D:\maven dependencies\org\codehaus\mojo\animal-sniffer-annotations\1.14\animal-sniffer-annotations-1.14.jar;D:\maven dependencies\org\apache\httpcomponents\httpcore\4.4.6\httpcore-4.4.6.jar;D:\maven dependencies\com\squareup\okhttp3\okhttp\3.9.1\okhttp-3.9.1.jar;D:\maven dependencies\com\squareup\okio\okio\1.13.0\okio-1.13.0.jar;D:\maven dependencies\org\seleniumhq\selenium\selenium-server\3.12.0\selenium-server-3.12.0.jar;D:\maven dependencies\com\beust\jcommander\1.72\jcommander-1.72.jar;D:\maven dependencies\org\apache\commons\commons-lang3\3.7\commons-lang3-3.7.jar;D:\maven dependencies\org\apache\commons\commons-text\1.1\commons-text-1.1.jar;D:\maven dependencies\commons-net\commons-net\3.6\commons-net-3.6.jar;D:\maven dependencies\org\w3c\css\sac\1.3\sac-1.3.jar;D:\maven dependencies\net\sourceforge\cssparser\cssparser\0.9.24\cssparser-0.9.24.jar;D:\maven dependencies\net\sourceforge\htmlunit\htmlunit\2.29\htmlunit-2.29.jar;D:\maven dependencies\net\sourceforge\htmlunit\htmlunit-core-js\2.28\htmlunit-core-js-2.28.jar;D:\maven dependencies\net\sourceforge\htmlunit\neko-htmlunit\2.28\neko-htmlunit-2.28.jar;D:\maven dependencies\org\apache\httpcomponents\httpmime\4.5.3\httpmime-4.5.3.jar;D:\maven dependencies\net\jcip\jcip-annotations\1.0\jcip-annotations-1.0.jar;D:\maven dependencies\org\seleniumhq\selenium\jetty-repacked\9.4.7.v20171121\jetty-repacked-9.4.7.v20171121.jar;D:\maven dependencies\org\eclipse\jetty\jetty-client\9.4.7.v20170914\jetty-client-9.4.7.v20170914.jar;D:\maven dependencies\org\eclipse\jetty\jetty-http\9.4.8.v20171121\jetty-http-9.4.8.v20171121.jar;D:\maven dependencies\org\eclipse\jetty\jetty-io\9.4.8.v20171121\jetty-io-9.4.8.v20171121.jar;D:\maven dependencies\org\eclipse\jetty\jetty-util\9.4.8.v20171121\jetty-util-9.4.8.v20171121.jar;D:\maven dependencies\org\eclipse\jetty\jetty-xml\9.4.7.v20170914\jetty-xml-9.4.7.v20170914.jar;D:\maven dependencies\org\seleniumhq\selenium\htmlunit-driver\2.29.0\htmlunit-driver-2.29.0.jar;D:\maven dependencies\javax\servlet\javax.servlet-api\3.1.0\javax.servlet-api-3.1.0.jar;D:\maven dependencies\org\eclipse\jetty\websocket\websocket-api\9.4.7.v20170914\websocket-api-9.4.7.v20170914.jar;D:\maven dependencies\org\eclipse\jetty\websocket\websocket-client\9.4.7.v20170914\websocket-client-9.4.7.v20170914.jar;D:\maven dependencies\org\eclipse\jetty\websocket\websocket-common\9.4.7.v20170914\websocket-common-9.4.7.v20170914.jar;D:\maven dependencies\xalan\serializer\2.7.2\serializer-2.7.2.jar;D:\maven dependencies\xalan\xalan\2.7.2\xalan-2.7.2.jar;D:\maven dependencies\xerces\xercesImpl\2.11.0\xercesImpl-2.11.0.jar;D:\maven dependencies\xml-apis\xml-apis\1.4.01\xml-apis-1.4.01.jar;D:\maven dependencies\org\yaml\snakeyaml\1.19\snakeyaml-1.19.jar;D:\maven dependencies\org\seleniumhq\selenium\selenium-firefox-driver\3.12.0\selenium-firefox-driver-3.12.0.jar;D:\maven dependencies\org\seleniumhq\selenium\selenium-chrome-driver\3.12.0\selenium-chrome-driver-3.12.0.jar;D:\maven dependencies\org\seleniumhq\selenium\selenium-support\3.12.0\selenium-support-3.12.0.jar;D:\maven dependencies\org\apache\poi\poi\3.12\poi-3.12.jar;D:\maven dependencies\org\apache\poi\poi-ooxml-schemas\3.12\poi-ooxml-schemas-3.12.jar;D:\maven dependencies\org\apache\xmlbeans\xmlbeans\2.6.0\xmlbeans-2.6.0.jar;D:\maven dependencies\stax\stax-api\1.0.1\stax-api-1.0.1.jar;D:\maven dependencies\net\masterthought\cucumber-reporting\3.8.0\cucumber-reporting-3.8.0.jar;D:\maven dependencies\org\apache\logging\log4j\log4j-api\2.6\log4j-api-2.6.jar;D:\maven dependencies\org\apache\logging\log4j\log4j-core\2.6\log4j-core-2.6.jar;D:\maven dependencies\com\fasterxml\jackson\core\jackson-databind\2.8.5\jackson-databind-2.8.5.jar;D:\maven dependencies\com\fasterxml\jackson\core\jackson-core\2.8.5\jackson-core-2.8.5.jar;D:\maven dependencies\org\apache\velocity\velocity\1.7\velocity-1.7.jar;D:\maven dependencies\commons-collections\commons-collections\3.2.1\commons-collections-3.2.1.jar;D:\maven dependencies\commons-lang\commons-lang\2.4\commons-lang-2.4.jar;D:\maven dependencies\velocity-tools\velocity-tools\1.4\velocity-tools-1.4.jar;D:\maven dependencies\joda-time\joda-time\2.9.6\joda-time-2.9.6.jar;D:\maven dependencies\net\lingala\zip4j\zip4j\1.3.2\zip4j-1.3.2.jar;D:\maven dependencies\org\codehaus\plexus\plexus-utils\3.0.24\plexus-utils-3.0.24.jar;D:\maven dependencies\org\jsoup\jsoup\1.10.1\jsoup-1.10.1.jar;D:\maven dependencies\com\googlecode\owasp-java-html-sanitizer\owasp-java-html-sanitizer\20160924.1\owasp-java-html-sanitizer-20160924.1.jar;D:\maven dependencies\org\apache\httpcomponents\httpclient\4.3.5\httpclient-4.3.5.jar;D:\maven dependencies\org\apache\commons\commons-csv\1.4\commons-csv-1.4.jar;D:\maven dependencies\org\apache\poi\poi-ooxml\3.12\poi-ooxml-3.12.jar;D:\maven dependencies\ch\qos\logback\logback-core\1.2.9\logback-core-1.2.9.jar;D:\maven dependencies\ch\qos\logback\logback-classic\1.2.9\logback-classic-1.2.9.jar;D:\maven dependencies\org\slf4j\slf4j-api\1.7.32\slf4j-api-1.7.32.jar;D:\maven dependencies\io\rest-assured\json-schema-validator\3.3.0\json-schema-validator-3.3.0.jar;D:\maven dependencies\com\github\java-json-tools\json-schema-validator\2.2.10\json-schema-validator-2.2.10.jar;D:\maven dependencies\com\github\java-json-tools\json-schema-core\1.2.10\json-schema-core-1.2.10.jar;D:\maven dependencies\com\github\java-json-tools\jackson-coreutils\1.9\jackson-coreutils-1.9.jar;D:\maven dependencies\javax\mail\mailapi\1.4.3\mailapi-1.4.3.jar;D:\maven dependencies\javax\activation\activation\1.1\activation-1.1.jar;D:\maven dependencies\com\googlecode\libphonenumber\libphonenumber\8.0.0\libphonenumber-8.0.0.jar;D:\maven dependencies\net\sf\jopt-simple\jopt-simple\5.0.3\jopt-simple-5.0.3.jar;D:\maven dependencies\io\cucumber\cucumber-java\4.2.0\cucumber-java-4.2.0.jar;D:\maven dependencies\io\cucumber\cucumber-core\4.2.0\cucumber-core-4.2.0.jar;D:\maven dependencies\io\cucumber\cucumber-html\0.2.7\cucumber-html-0.2.7.jar;D:\maven dependencies\io\cucumber\tag-expressions\1.1.1\tag-expressions-1.1.1.jar;D:\maven dependencies\io\cucumber\cucumber-expressions\6.2.0\cucumber-expressions-6.2.0.jar;D:\maven dependencies\io\cucumber\datatable\1.1.7\datatable-1.1.7.jar;D:\maven dependencies\io\cucumber\datatable-dependencies\1.1.7\datatable-dependencies-1.1.7.jar;D:\maven dependencies\org\testng\testng\6.9.10\testng-6.9.10.jar;D:\maven dependencies\org\beanshell\bsh\2.0b4\bsh-2.0b4.jar;D:\maven dependencies\io\cucumber\cucumber-testng\4.2.0\cucumber-testng-4.2.0.jar;D:\maven dependencies\io\cucumber\cucumber-picocontainer\4.2.0\cucumber-picocontainer-4.2.0.jar;D:\maven dependencies\io\cucumber\gherkin\5.1.0\gherkin-5.1.0.jar;D:\maven dependencies\org\picocontainer\picocontainer\2.15\picocontainer-2.15.jar;D:\maven dependencies\org\aspectj\aspectjweaver\1.8.10\aspectjweaver-1.8.10.jar;D:\maven dependencies\io\rest-assured\rest-assured\3.3.0\rest-assured-3.3.0.jar;D:\maven dependencies\org\codehaus\groovy\groovy\2.4.15\groovy-2.4.15.jar;D:\maven dependencies\org\codehaus\groovy\groovy-xml\2.4.15\groovy-xml-2.4.15.jar;D:\maven dependencies\org\hamcrest\hamcrest-library\1.3\hamcrest-library-1.3.jar;D:\maven dependencies\org\ccil\cowan\tagsoup\tagsoup\1.2.1\tagsoup-1.2.1.jar;D:\maven dependencies\io\rest-assured\xml-path\3.3.0\xml-path-3.3.0.jar;D:\maven dependencies\javax\xml\bind\jaxb-api\2.2.12\jaxb-api-2.2.12.jar;D:\maven dependencies\com\sun\xml\bind\jaxb-osgi\2.2.10\jaxb-osgi-2.2.10.jar;D:\maven dependencies\org\apache\sling\org.apache.sling.javax.activation\0.1.0\org.apache.sling.javax.activation-0.1.0.jar;D:\maven dependencies\com\google\code\gson\gson\2.8.5\gson-2.8.5.jar;D:\maven dependencies\io\rest-assured\json-path\3.3.0\json-path-3.3.0.jar;D:\maven dependencies\org\codehaus\groovy\groovy-json\2.4.15\groovy-json-2.4.15.jar;D:\maven dependencies\io\rest-assured\rest-assured-common\3.3.0\rest-assured-common-3.3.0.jar;D:\maven dependencies\com\jayway\restassured\rest-assured\2.9.0\rest-assured-2.9.0.jar;D:\maven dependencies\com\jayway\restassured\json-path\2.9.0\json-path-2.9.0.jar;D:\maven dependencies\com\jayway\restassured\rest-assured-common\2.9.0\rest-assured-common-2.9.0.jar;D:\maven dependencies\com\jayway\restassured\xml-path\2.9.0\xml-path-2.9.0.jar;D:\maven dependencies\com\jayway\jsonpath\json-path\2.4.0\json-path-2.4.0.jar;D:\maven dependencies\net\minidev\json-smart\2.3\json-smart-2.3.jar;D:\maven dependencies\net\minidev\accessors-smart\1.2\accessors-smart-1.2.jar;D:\maven dependencies\org\ow2\asm\asm\5.0.4\asm-5.0.4.jar;D:\maven dependencies\com\jayway\restassured\json-schema-validator\2.9.0\json-schema-validator-2.9.0.jar;D:\maven dependencies\com\github\fge\json-schema-validator\2.2.6\json-schema-validator-2.2.6.jar;D:\maven dependencies\com\google\inject\guice\3.0\guice-3.0.jar;D:\maven dependencies\javax\inject\javax.inject\1\javax.inject-1.jar;D:\maven dependencies\aopalliance\aopalliance\1.0\aopalliance-1.0.jar;D:\maven dependencies\com\github\fge\jackson-coreutils\1.8\jackson-coreutils-1.8.jar;D:\maven dependencies\com\github\fge\msg-simple\1.1\msg-simple-1.1.jar;D:\maven dependencies\com\github\fge\btf\1.2\btf-1.2.jar;D:\maven dependencies\com\google\code\findbugs\jsr305\2.0.1\jsr305-2.0.1.jar;D:\maven dependencies\com\github\fge\json-schema-core\1.2.5\json-schema-core-1.2.5.jar;D:\maven dependencies\com\github\fge\uri-template\0.9\uri-template-0.9.jar;D:\maven dependencies\org\mozilla\rhino\1.7R4\rhino-1.7R4.jar;D:\maven dependencies\commons-io\commons-io\2.5\commons-io-2.5.jar;D:\maven dependencies\com\googlecode\json-simple\json-simple\1.1.1\json-simple-1.1.1.jar;D:\maven dependencies\io\gravitee\maven\plugins\json-schema-generator-maven-plugin\1.3.0\json-schema-generator-maven-plugin-1.3.0.jar;D:\maven dependencies\org\apache\maven\maven-core\3.3.3\maven-core-3.3.3.jar;D:\maven dependencies\org\apache\maven\maven-model\3.3.3\maven-model-3.3.3.jar;D:\maven dependencies\org\apache\maven\maven-settings\3.3.3\maven-settings-3.3.3.jar;D:\maven dependencies\org\apache\maven\maven-settings-builder\3.3.3\maven-settings-builder-3.3.3.jar;D:\maven dependencies\org\apache\maven\maven-builder-support\3.3.3\maven-builder-support-3.3.3.jar;D:\maven dependencies\org\apache\maven\maven-repository-metadata\3.3.3\maven-repository-metadata-3.3.3.jar;D:\maven dependencies\org\apache\maven\maven-artifact\3.3.3\maven-artifact-3.3.3.jar;D:\maven dependencies\org\apache\maven\maven-model-builder\3.3.3\maven-model-builder-3.3.3.jar;D:\maven dependencies\org\apache\maven\maven-aether-provider\3.3.3\maven-aether-provider-3.3.3.jar;D:\maven dependencies\org\eclipse\aether\aether-spi\1.0.2.v20150114\aether-spi-1.0.2.v20150114.jar;D:\maven dependencies\org\eclipse\aether\aether-impl\1.0.2.v20150114\aether-impl-1.0.2.v20150114.jar;D:\maven dependencies\org\eclipse\aether\aether-api\1.0.2.v20150114\aether-api-1.0.2.v20150114.jar;D:\maven dependencies\org\eclipse\aether\aether-util\1.0.2.v20150114\aether-util-1.0.2.v20150114.jar;D:\maven dependencies\org\eclipse\sisu\org.eclipse.sisu.plexus\0.3.0\org.eclipse.sisu.plexus-0.3.0.jar;D:\maven dependencies\javax\enterprise\cdi-api\1.0\cdi-api-1.0.jar;D:\maven dependencies\javax\annotation\jsr250-api\1.0\jsr250-api-1.0.jar;D:\maven dependencies\org\eclipse\sisu\org.eclipse.sisu.inject\0.3.0\org.eclipse.sisu.inject-0.3.0.jar;D:\maven dependencies\org\sonatype\sisu\sisu-guice\3.2.5\sisu-guice-3.2.5-no_aop.jar;D:\maven dependencies\org\codehaus\plexus\plexus-interpolation\1.21\plexus-interpolation-1.21.jar;D:\maven dependencies\org\codehaus\plexus\plexus-classworlds\2.5.2\plexus-classworlds-2.5.2.jar;D:\maven dependencies\org\codehaus\plexus\plexus-component-annotations\1.5.5\plexus-component-annotations-1.5.5.jar;D:\maven dependencies\org\sonatype\plexus\plexus-sec-dispatcher\1.3\plexus-sec-dispatcher-1.3.jar;D:\maven dependencies\org\sonatype\plexus\plexus-cipher\1.4\plexus-cipher-1.4.jar;D:\maven dependencies\org\apache\maven\maven-plugin-api\3.3.3\maven-plugin-api-3.3.3.jar;D:\maven dependencies\org\apache\maven\plugin-tools\maven-plugin-annotations\3.4\maven-plugin-annotations-3.4.jar;D:\maven dependencies\com\fasterxml\jackson\module\jackson-module-jsonSchema\2.8.4\jackson-module-jsonSchema-2.8.4.jar;D:\maven dependencies\javax\validation\validation-api\1.1.0.Final\validation-api-1.1.0.Final.jar;D:\maven dependencies\com\fasterxml\jackson\core\jackson-annotations\2.8.4\jackson-annotations-2.8.4.jar;D:\maven dependencies\com\aventstack\extentreports-cucumber4-adapter\1.0.7\extentreports-cucumber4-adapter-1.0.7.jar;D:\maven dependencies\com\aventstack\extentreports\4.0.9\extentreports-4.0.9.jar;D:\maven dependencies\org\freemarker\freemarker\2.3.23\freemarker-2.3.23.jar;D:\maven dependencies\org\mongodb\bson\3.3.0\bson-3.3.0.jar;D:\maven dependencies\org\mongodb\mongodb-driver\3.3.0\mongodb-driver-3.3.0.jar;D:\maven dependencies\org\mongodb\mongodb-driver-core\3.3.0\mongodb-driver-core-3.3.0.jar;"/>
    <property name="sun.cpu.endian" value="little"/>
    <property name="user.home" value="D:\Users\AQM Temp"/>
    <property name="user.language" value="en"/>
    <property name="java.specification.vendor" value="Oracle Corporation"/>
    <property name="java.version.date" value="2022-08-18"/>
    <property name="java.home" value="C:\Program Files\Java\jdk-18.0.2.1"/>
    <property name="file.separator" value="\"/>
    <property name="basedir" value="D:\RBL_PROJECT\23-08-2022_API\RBLAUTOMATION"/>
    <property name="java.vm.compressedOopsMode" value="32-bit"/>
    <property name="line.separator" value="&#10;"/>
    <property name="java.vm.specification.vendor" value="Oracle Corporation"/>
    <property name="java.specification.name" value="Java Platform API Specification"/>
    <property name="surefire.real.class.path" value="D:\Users\AQM Temp\AppData\Local\Temp\surefire7337898082442093393\surefirebooter5745897943999647586.jar"/>
    <property name="user.script" value=""/>
    <property name="sun.management.compiler" value="HotSpot 64-Bit Tiered Compilers"/>
    <property name="java.runtime.version" value="18.0.2.1+1-1"/>
    <property name="user.name" value="AQM Temp"/>
    <property name="path.separator" value=";"/>
    <property name="os.version" value="10.0"/>
    <property name="java.runtime.name" value="Java(TM) SE Runtime Environment"/>
    <property name="file.encoding" value="UTF-8"/>
    <property name="java.vm.name" value="Java HotSpot(TM) 64-Bit Server VM"/>
    <property name="localRepository" value="D:\maven dependencies"/>
    <property name="java.vendor.url.bug" value="https://bugreport.java.com/bugreport/"/>
    <property name="java.io.tmpdir" value="D:\Users\AQM Temp\AppData\Local\Temp\"/>
    <property name="java.version" value="18.0.2.1"/>
    <property name="user.dir" value="D:\RBL_PROJECT\23-08-2022_API\RBLAUTOMATION"/>
    <property name="os.arch" value="amd64"/>
    <property name="java.vm.specification.name" value="Java Virtual Machine Specification"/>
    <property name="sun.os.patch.level" value=""/>
    <property name="native.encoding" value="Cp1252"/>
    <property name="java.library.path" value="C:\Program Files\Java\jdk-18.0.2.1\bin;C:\windows\Sun\Java\bin;C:\windows\system32;C:\windows;D:\Harshit\LatestApp\NIA On Test Wizz\node_modules\.bin;D:\Harshit\LatestApp\node_modules\.bin;D:\Harshit\node_modules\.bin;D:\node_modules\.bin;D:\Users\AQM Temp\AppData\Roaming\nvm\v17.8.0\node_modules\npm\node_modules\@npmcli\run-script\lib\node-gyp-bin;C:\Python310\Scripts\;C:\Python310\;C:\Program Files\Common Files\Oracle\Java\javapath;C:\windows\system32;C:\windows;C:\windows\System32\Wbem;C:\windows\System32\WindowsPowerShell\v1.0\;C:\windows\System32\OpenSSH\;C:\Program Files (x86)\dotnet\;C:\Program Files\Microsoft SQL Server\Client SDK\ODBC\170\Tools\Binn\;C:\Program Files (x86)\Microsoft SQL Server\150\Tools\Binn\;C:\Program Files\Microsoft SQL Server\150\Tools\Binn\;C:\Program Files\Microsoft SQL Server\150\DTS\Binn\;C:\Program Files (x86)\Microsoft SQL Server\150\DTS\Binn\;C:\Program Files\Azure Data Studio\bin;C:\ProgramData\chocolatey\bin;C:\Users\Administrator\AppData\Roaming\nvm;C:\Program Files\nodejs;D:\Users\AQM Temp\AppData\Local\Microsoft\WindowsApps;D:\apache-maven-3.8.5\bin;D:\Users\AQM Temp\AppData\Roaming\nvm;C:\Program Files\nodejs;D:\Users\AQM Temp\AppData\Local\Programs\Microsoft VS Code\bin;."/>
    <property name="java.vm.info" value="mixed mode, sharing"/>
    <property name="java.vendor" value="Oracle Corporation"/>
    <property name="java.vm.version" value="18.0.2.1+1-1"/>
    <property name="sun.io.unicode.encoding" value="UnicodeLittle"/>
    <property name="java.class.version" value="62.0"/>
  </properties>
  <testcase name="runScenario" classname="com.TestLauncher.TestRunner" time="3.558">
    <failure message="Failed to parse the JSON document" type="com.jayway.restassured.path.json.exception.JsonPathException">com.jayway.restassured.path.json.exception.JsonPathException: Failed to parse the JSON document
Caused by: groovy.json.JsonException: Lexing failed on line: 1, column: 1, while reading 'E', no possible valid JSON value or punctuation could be recognized.
</failure>
    <system-out><![CDATA[No features found at [@rerun/failed_scenarios.txt]

0 Scenarios
0 Steps
0m0.001s

https://cibdev.rblbank.com/corp
File Is Copiedhttps://cibdev.rblbank.com/corp/otp/api/v1/generateOtpRequest method:	POST
Request path:	https://cibdev.rblbank.com/corp/otp/api/v1/generateOtp
Proxy:			<none>
Request params:	<none>
Query params:	<none>
Form params:	<none>
Path params:	<none>
Multiparts:		<none>
Headers:		Accept=application/json
				Content-Type=application/json
Cookies:		<none>
Body:
{
    "OTPGeneration": {
        "RequestHeader": {
            "Security": {
                "Token": {
                    "MessageHashKey": "",
                    "MessageIndex": "",
                    "PasswordToken": {
                        "Password": "",
                        "UserId": "7873033125"
                    },
                    "Certificate": ""
                }
            },
            "AdditionalInfo": {
                "SessionId": "",
                "JourneyId": "",
                "LanguageId": "",
                "SVersion": ""
            },
            "DeviceInfo": {
                "DeviceName": "",
                "DeviceVersion": "",
                "DeviceID": "",
                "DeviceOS": "",
                "AppVersion": "",
                "DeviceFormat": "",
                "DeviceFamily": "",
                "DeviceType": "",
                "DeviceIp": "",
                "DeviceIMEI": ""
            },
            "RequestMessageInfo": {
                "MessageDateTime": "2021-09-13T06:42:14.349",
                "BankId": "01",
                "TimeZone": "GMT+05:00"
            },
            "MessageKey": {
                "ChannelId": "BWY",
                "RequestUUID": "1604406854349",
                "ServiceRequestId": "GENOTP",
                "ServiceRequestVersion": "10.2"
            }
        },
        "RequestBody": {
            "OTPGenerationRequestBody": {
                "requestId": "18Mvk1cmjvcokilf2fca",
                "email": "john.doe@rblbank.com",
                "mobileno": "8888888888",
                "channelId": "EBAUTH",
                "deliveryFlag": "E",
                "serviceType": "N",
                "IsNRI": "N",
                "TransactionRefID": "234sdfgfd35y",
                "customerName": "John",
                "optionalField1": "John",
                "optionalField2": "14",
                "optionalField3": "99421",
                "optionalField4": "",
                "optionalField5": ""
            }
        }
    }
}
404X-Frame-Options=SAMEORIGIN
$WSEP=
Vary=Accept-Encoding
Content-Encoding=gzip
Access-Control-Allow-Origin=rblbank.com
X-Content-Type-Options=nosniff
X-XSS-Protection=1; mode=block
Strict-Transport-Security=max-age=31536000; includeSubDomains
Content-Security-Policy=default-src 'self' fqlvzyatcf.execute-api.ap-south-1.amazonaws.com 'unsafe-inline' 'unsafe-eval';script-src 'self' fqlvzyatcf.execute-api.ap-south-1.amazonaws.com 'unsafe-inline' 'unsafe-eval';img-src 'self' fqlvzyatcf.execute-api.ap-south-1.amazonaws.com data:;frame-ancestors 'self' fqlvzyatcf.execute-api.ap-south-1.amazonaws.com
Content-Type=text/html;charset=ISO-8859-1
Content-Language=en-US
Content-Length=113
Expires=Tue, 30 Aug 2022 10:42:42 GMT
Cache-Control=max-age=0, no-cache, no-store
Pragma=no-cache
Date=Tue, 30 Aug 2022 10:42:42 GMT
Connection=close
Set-Cookie=wsln=5541545f31; Secure
Server-Timing=cdn-cache; desc=MISS
Server-Timing=edge; dur=9
Server-Timing=origin; dur=80
X-Akamai-Staging=ESSLError 404: java.io.FileNotFoundException: SRVE0190E: File not found: /otp/api/v1/generateOtp
Error 404: java.io.FileNotFoundException: SRVE0190E: File not found: /otp/api/v1/generateOtp
Error 404: java.io.FileNotFoundException: SRVE0190E: File not found: /otp/api/v1/generateOtp
]]></system-out>
    <system-err><![CDATA[Starting ChromeDriver 104.0.5112.79 (3cf3e8c8a07d104b9e1260c910efb8f383285dc5-refs/branch-heads/5112@{#1307}) on port 43591
Only local connections are allowed.
Please see https://chromedriver.chromium.org/security-considerations for suggestions on keeping ChromeDriver safe.
ChromeDriver was started successfully.
Aug 30, 2022 4:12:41 PM org.openqa.selenium.remote.ProtocolHandshake createSession
INFO: Detected dialect: W3C
]]></system-err>
  </testcase>
</testsuite>